2025-06-08 22:17:55,685 - INFO - Latest winner file is already downloaded prize-June-2025.xlsx
2025-06-08 22:18:15,667 - INFO - Latest winner file is already downloaded prize-June-2025.xlsx
2025-07-01 07:57:03,908 - INFO - Identified winner excel file from NS&I: https://www.nsandi.com/files/asset/xlsx/prize-july-2025.xlsx
2025-07-01 07:57:04,025 - INFO - Winner excel file downloaded: prize-july-2025.xlsx
2025-07-01 07:58:31,584 - INFO - Latest winner file is already downloaded prize-July-2025.xlsx
2025-07-01 07:58:56,823 - INFO - Latest winner file is already downloaded prize-July-2025.xlsx
2025-07-01 07:59:14,896 - INFO - Latest winner file is already downloaded prize-July-2025.xlsx
2025-07-01 08:00:07,898 - INFO - Latest winner file is already downloaded prize-July-2025.xlsx
2025-08-01 00:06:26,441 - INFO - Identified winner excel file from NS&I: https://www.nsandi.com/files/asset/xlsx/prize-august-2025.xlsx
2025-08-01 00:06:26,612 - INFO - Winner excel file downloaded: prize-august-2025.xlsx
2025-09-01 07:28:50,013 - INFO - Identified winner excel file from NS&I: https://www.nsandi.com/files/asset/xlsx/prize-september-2025.xlsx
2025-09-01 07:28:50,150 - INFO - Winner excel file downloaded: prize-september-2025.xlsx
2025-09-01 07:29:56,788 - INFO - Latest winner file is already downloaded prize-September-2025.xlsx
2025-09-02 21:28:29,868 - INFO - Latest winner file is already downloaded prize-September-2025.xlsx
2025-09-02 21:32:33,540 - INFO - Latest winner file is already downloaded prize-September-2025.xlsx
2025-09-02 21:32:52,984 - INFO - Latest winner file is already downloaded prize-September-2025.xlsx
2025-09-02 21:39:11,193 - INFO - Latest winner file is already downloaded prize-September-2025.xlsx
2025-09-02 21:43:55,603 - INFO - Latest winner file is already downloaded prize-September-2025.xlsx
2025-09-02 21:45:44,777 - INFO - Latest winner file is already downloaded prize-September-2025.xlsx
2025-09-02 22:32:57,523 - INFO - Latest winner file is already downloaded prize-September-2025.xlsx
2025-11-01 09:43:23,836 - INFO - Identified winner excel file from NS&I: https://www.nsandi.com/system/files/asset/xlsx/prize-october-2025.xlsx
2025-11-01 09:43:25,770 - INFO - Winner excel file downloaded: prize-october-2025.xlsx
2025-11-01 09:46:18,476 - INFO - Identified winner excel file from NS&I: https://www.nsandi.com/system/files/asset/xlsx/prize-october-2025.xlsx
2025-11-01 09:46:18,598 - INFO - Winner excel file downloaded: prize-october-2025.xlsx
2025-11-01 09:46:18,675 - WARNING - Winner excel file not found. Double check url.
2025-11-01 09:46:40,101 - INFO - Identified winner excel file from NS&I: https://www.nsandi.com/system/files/asset/xlsx/prize-october-2025.xlsx
2025-11-01 09:46:40,219 - INFO - Winner excel file downloaded: prize-october-2025.xlsx
2025-11-01 09:46:40,298 - WARNING - Winner excel file not found. Double check url.
